{"C:\\Users\\the-d\\Downloads\\Projeto Henry\\trab-final-noite-chorona-virus\\app\\js\\agendamentos-core.js":{"path":"C:\\Users\\the-d\\Downloads\\Projeto Henry\\trab-final-noite-chorona-virus\\app\\js\\agendamentos-core.js","statementMap":{"0":{"start":{"line":3,"column":19},"end":{"line":3,"column":38}},"1":{"start":{"line":4,"column":16},"end":{"line":4,"column":32}},"2":{"start":{"line":5,"column":4},"end":{"line":5,"column":24}},"3":{"start":{"line":11,"column":23},"end":{"line":11,"column":63}},"4":{"start":{"line":12,"column":20},"end":{"line":12,"column":58}},"5":{"start":{"line":14,"column":4},"end":{"line":26,"column":7}},"6":{"start":{"line":16,"column":8},"end":{"line":16,"column":58}},"7":{"start":{"line":16,"column":45},"end":{"line":16,"column":58}},"8":{"start":{"line":18,"column":27},"end":{"line":18,"column":67}},"9":{"start":{"line":19,"column":24},"end":{"line":19,"column":62}},"10":{"start":{"line":23,"column":28},"end":{"line":23,"column":76}},"11":{"start":{"line":25,"column":8},"end":{"line":25,"column":27}},"12":{"start":{"line":30,"column":4},"end":{"line":32,"column":5}},"13":{"start":{"line":31,"column":8},"end":{"line":31,"column":20}},"14":{"start":{"line":34,"column":4},"end":{"line":36,"column":5}},"15":{"start":{"line":35,"column":8},"end":{"line":35,"column":75}},"16":{"start":{"line":38,"column":4},"end":{"line":45,"column":6}},"17":{"start":{"line":49,"column":4},"end":{"line":49,"column":44}},"18":{"start":{"line":53,"column":4},"end":{"line":53,"column":53}},"19":{"start":{"line":53,"column":37},"end":{"line":53,"column":51}},"20":{"start":{"line":56,"column":0},"end":{"line":58,"column":1}},"21":{"start":{"line":57,"column":4},"end":{"line":57,"column":117}}},"fnMap":{"0":{"name":"validarDatas","decl":{"start":{"line":2,"column":9},"end":{"line":2,"column":21}},"loc":{"start":{"line":2,"column":41},"end":{"line":6,"column":1}},"line":2},"1":{"name":"verificarConflito","decl":{"start":{"line":10,"column":9},"end":{"line":10,"column":26}},"loc":{"start":{"line":10,"column":52},"end":{"line":27,"column":1}},"line":10},"2":{"name":"(anonymous_2)","decl":{"start":{"line":14,"column":34},"end":{"line":14,"column":35}},"loc":{"start":{"line":14,"column":42},"end":{"line":26,"column":5}},"line":14},"3":{"name":"criarAgendamento","decl":{"start":{"line":29,"column":9},"end":{"line":29,"column":25}},"loc":{"start":{"line":29,"column":79},"end":{"line":46,"column":1}},"line":29},"4":{"name":"adicionarAgendamento","decl":{"start":{"line":48,"column":9},"end":{"line":48,"column":29}},"loc":{"start":{"line":48,"column":59},"end":{"line":50,"column":1}},"line":48},"5":{"name":"removerAgendamento","decl":{"start":{"line":52,"column":9},"end":{"line":52,"column":27}},"loc":{"start":{"line":52,"column":44},"end":{"line":54,"column":1}},"line":52},"6":{"name":"(anonymous_6)","decl":{"start":{"line":53,"column":29},"end":{"line":53,"column":30}},"loc":{"start":{"line":53,"column":37},"end":{"line":53,"column":51}},"line":53}},"branchMap":{"0":{"loc":{"start":{"line":16,"column":8},"end":{"line":16,"column":58}},"type":"if","locations":[{"start":{"line":16,"column":8},"end":{"line":16,"column":58}},{"start":{"line":16,"column":8},"end":{"line":16,"column":58}}],"line":16},"1":{"loc":{"start":{"line":23,"column":28},"end":{"line":23,"column":76}},"type":"binary-expr","locations":[{"start":{"line":23,"column":29},"end":{"line":23,"column":49}},{"start":{"line":23,"column":55},"end":{"line":23,"column":75}}],"line":23},"2":{"loc":{"start":{"line":30,"column":4},"end":{"line":32,"column":5}},"type":"if","locations":[{"start":{"line":30,"column":4},"end":{"line":32,"column":5}},{"start":{"line":30,"column":4},"end":{"line":32,"column":5}}],"line":30},"3":{"loc":{"start":{"line":30,"column":8},"end":{"line":30,"column":72}},"type":"binary-expr","locations":[{"start":{"line":30,"column":8},"end":{"line":30,"column":17}},{"start":{"line":30,"column":21},"end":{"line":30,"column":37}},{"start":{"line":30,"column":41},"end":{"line":30,"column":55}},{"start":{"line":30,"column":59},"end":{"line":30,"column":63}},{"start":{"line":30,"column":67},"end":{"line":30,"column":72}}],"line":30},"4":{"loc":{"start":{"line":34,"column":4},"end":{"line":36,"column":5}},"type":"if","locations":[{"start":{"line":34,"column":4},"end":{"line":36,"column":5}},{"start":{"line":34,"column":4},"end":{"line":36,"column":5}}],"line":34},"5":{"loc":{"start":{"line":56,"column":0},"end":{"line":58,"column":1}},"type":"if","locations":[{"start":{"line":56,"column":0},"end":{"line":58,"column":1}},{"start":{"line":56,"column":0},"end":{"line":58,"column":1}}],"line":56}},"s":{"0":4,"1":4,"2":4,"3":2,"4":2,"5":2,"6":2,"7":0,"8":2,"9":2,"10":2,"11":2,"12":2,"13":0,"14":2,"15":1,"16":1,"17":1,"18":1,"19":1,"20":1,"21":1},"f":{"0":4,"1":2,"2":2,"3":2,"4":1,"5":1,"6":1},"b":{"0":[0,2],"1":[2,1],"2":[0,2],"3":[2,2,2,2,2],"4":[1,1],"5":[1,0]},"_coverageSchema":"1a1c01bbd47fc00a2c39e90264f33305004495a9","hash":"81c1e9ffe8737fc662febef283d63a50ab15cc78","contentHash":"789b3fe7025e9c69b77b851b81ba50d38ec9a89229d84f2466039040662205bd"},"C:\\Users\\the-d\\Downloads\\Projeto Henry\\trab-final-noite-chorona-virus\\app\\js\\salas-core.js":{"path":"C:\\Users\\the-d\\Downloads\\Projeto Henry\\trab-final-noite-chorona-virus\\app\\js\\salas-core.js","statementMap":{"0":{"start":{"line":3,"column":4},"end":{"line":3,"column":50}},"1":{"start":{"line":3,"column":37},"end":{"line":3,"column":50}},"2":{"start":{"line":4,"column":4},"end":{"line":4,"column":53}},"3":{"start":{"line":4,"column":40},"end":{"line":4,"column":53}},"4":{"start":{"line":5,"column":4},"end":{"line":5,"column":28}},"5":{"start":{"line":5,"column":15},"end":{"line":5,"column":28}},"6":{"start":{"line":6,"column":4},"end":{"line":6,"column":16}},"7":{"start":{"line":11,"column":4},"end":{"line":16,"column":6}},"8":{"start":{"line":22,"column":4},"end":{"line":22,"column":37}},"9":{"start":{"line":27,"column":4},"end":{"line":27,"column":64}},"10":{"start":{"line":27,"column":37},"end":{"line":27,"column":62}},"11":{"start":{"line":31,"column":0},"end":{"line":33,"column":1}},"12":{"start":{"line":32,"column":4},"end":{"line":32,"column":76}}},"fnMap":{"0":{"name":"validarSala","decl":{"start":{"line":2,"column":9},"end":{"line":2,"column":20}},"loc":{"start":{"line":2,"column":45},"end":{"line":7,"column":1}},"line":2},"1":{"name":"criarSala","decl":{"start":{"line":10,"column":9},"end":{"line":10,"column":18}},"loc":{"start":{"line":10,"column":43},"end":{"line":17,"column":1}},"line":10},"2":{"name":"adicionarSala","decl":{"start":{"line":20,"column":9},"end":{"line":20,"column":22}},"loc":{"start":{"line":20,"column":45},"end":{"line":23,"column":1}},"line":20},"3":{"name":"removerSala","decl":{"start":{"line":26,"column":9},"end":{"line":26,"column":20}},"loc":{"start":{"line":26,"column":48},"end":{"line":28,"column":1}},"line":26},"4":{"name":"(anonymous_4)","decl":{"start":{"line":27,"column":29},"end":{"line":27,"column":30}},"loc":{"start":{"line":27,"column":37},"end":{"line":27,"column":62}},"line":27}},"branchMap":{"0":{"loc":{"start":{"line":3,"column":4},"end":{"line":3,"column":50}},"type":"if","locations":[{"start":{"line":3,"column":4},"end":{"line":3,"column":50}},{"start":{"line":3,"column":4},"end":{"line":3,"column":50}}],"line":3},"1":{"loc":{"start":{"line":3,"column":8},"end":{"line":3,"column":35}},"type":"binary-expr","locations":[{"start":{"line":3,"column":8},"end":{"line":3,"column":13}},{"start":{"line":3,"column":17},"end":{"line":3,"column":35}}],"line":3},"2":{"loc":{"start":{"line":4,"column":4},"end":{"line":4,"column":53}},"type":"if","locations":[{"start":{"line":4,"column":4},"end":{"line":4,"column":53}},{"start":{"line":4,"column":4},"end":{"line":4,"column":53}}],"line":4},"3":{"loc":{"start":{"line":4,"column":8},"end":{"line":4,"column":38}},"type":"binary-expr","locations":[{"start":{"line":4,"column":8},"end":{"line":4,"column":19}},{"start":{"line":4,"column":23},"end":{"line":4,"column":38}}],"line":4},"4":{"loc":{"start":{"line":5,"column":4},"end":{"line":5,"column":28}},"type":"if","locations":[{"start":{"line":5,"column":4},"end":{"line":5,"column":28}},{"start":{"line":5,"column":4},"end":{"line":5,"column":28}}],"line":5},"5":{"loc":{"start":{"line":31,"column":0},"end":{"line":33,"column":1}},"type":"if","locations":[{"start":{"line":31,"column":0},"end":{"line":33,"column":1}},{"start":{"line":31,"column":0},"end":{"line":33,"column":1}}],"line":31}},"s":{"0":5,"1":1,"2":4,"3":2,"4":2,"5":1,"6":1,"7":1,"8":1,"9":1,"10":1,"11":1,"12":1},"f":{"0":5,"1":1,"2":1,"3":1,"4":1},"b":{"0":[1,4],"1":[5,4],"2":[2,2],"3":[4,3],"4":[1,1],"5":[1,0]},"_coverageSchema":"1a1c01bbd47fc00a2c39e90264f33305004495a9","hash":"8de953a84b5b497b0617e1e7431cfe3eb2f45bad","contentHash":"0788d775ece553539f3d2642ad584598fde90193a74ef773f5cc7426b8d9ec67"}}