{"C:\\Users\\the-d\\Downloads\\Projeto Henry\\trab-final-noite-chorona-virus\\app\\js\\agendamentos-core.js":{"path":"C:\\Users\\the-d\\Downloads\\Projeto Henry\\trab-final-noite-chorona-virus\\app\\js\\agendamentos-core.js","statementMap":{"0":{"start":{"line":3,"column":19},"end":{"line":3,"column":38}},"1":{"start":{"line":4,"column":16},"end":{"line":4,"column":32}},"2":{"start":{"line":5,"column":4},"end":{"line":5,"column":24}},"3":{"start":{"line":11,"column":23},"end":{"line":11,"column":63}},"4":{"start":{"line":12,"column":20},"end":{"line":12,"column":58}},"5":{"start":{"line":14,"column":4},"end":{"line":25,"column":7}},"6":{"start":{"line":16,"column":8},"end":{"line":16,"column":58}},"7":{"start":{"line":16,"column":45},"end":{"line":16,"column":58}},"8":{"start":{"line":18,"column":27},"end":{"line":18,"column":67}},"9":{"start":{"line":19,"column":24},"end":{"line":19,"column":62}},"10":{"start":{"line":22,"column":28},"end":{"line":22,"column":76}},"11":{"start":{"line":24,"column":8},"end":{"line":24,"column":27}},"12":{"start":{"line":29,"column":4},"end":{"line":31,"column":5}},"13":{"start":{"line":30,"column":8},"end":{"line":30,"column":20}},"14":{"start":{"line":33,"column":4},"end":{"line":35,"column":5}},"15":{"start":{"line":34,"column":8},"end":{"line":34,"column":75}},"16":{"start":{"line":37,"column":4},"end":{"line":44,"column":6}},"17":{"start":{"line":48,"column":4},"end":{"line":48,"column":44}},"18":{"start":{"line":52,"column":4},"end":{"line":52,"column":53}},"19":{"start":{"line":52,"column":37},"end":{"line":52,"column":51}},"20":{"start":{"line":56,"column":0},"end":{"line":56,"column":113}}},"fnMap":{"0":{"name":"validarDatas","decl":{"start":{"line":2,"column":9},"end":{"line":2,"column":21}},"loc":{"start":{"line":2,"column":41},"end":{"line":6,"column":1}},"line":2},"1":{"name":"verificarConflito","decl":{"start":{"line":10,"column":9},"end":{"line":10,"column":26}},"loc":{"start":{"line":10,"column":52},"end":{"line":26,"column":1}},"line":10},"2":{"name":"(anonymous_2)","decl":{"start":{"line":14,"column":34},"end":{"line":14,"column":35}},"loc":{"start":{"line":14,"column":42},"end":{"line":25,"column":5}},"line":14},"3":{"name":"criarAgendamento","decl":{"start":{"line":28,"column":9},"end":{"line":28,"column":25}},"loc":{"start":{"line":28,"column":79},"end":{"line":45,"column":1}},"line":28},"4":{"name":"adicionarAgendamento","decl":{"start":{"line":47,"column":9},"end":{"line":47,"column":29}},"loc":{"start":{"line":47,"column":59},"end":{"line":49,"column":1}},"line":47},"5":{"name":"removerAgendamento","decl":{"start":{"line":51,"column":9},"end":{"line":51,"column":27}},"loc":{"start":{"line":51,"column":44},"end":{"line":53,"column":1}},"line":51},"6":{"name":"(anonymous_6)","decl":{"start":{"line":52,"column":29},"end":{"line":52,"column":30}},"loc":{"start":{"line":52,"column":37},"end":{"line":52,"column":51}},"line":52}},"branchMap":{"0":{"loc":{"start":{"line":16,"column":8},"end":{"line":16,"column":58}},"type":"if","locations":[{"start":{"line":16,"column":8},"end":{"line":16,"column":58}},{"start":{"line":16,"column":8},"end":{"line":16,"column":58}}],"line":16},"1":{"loc":{"start":{"line":22,"column":28},"end":{"line":22,"column":76}},"type":"binary-expr","locations":[{"start":{"line":22,"column":29},"end":{"line":22,"column":49}},{"start":{"line":22,"column":55},"end":{"line":22,"column":75}}],"line":22},"2":{"loc":{"start":{"line":29,"column":4},"end":{"line":31,"column":5}},"type":"if","locations":[{"start":{"line":29,"column":4},"end":{"line":31,"column":5}},{"start":{"line":29,"column":4},"end":{"line":31,"column":5}}],"line":29},"3":{"loc":{"start":{"line":29,"column":8},"end":{"line":29,"column":72}},"type":"binary-expr","locations":[{"start":{"line":29,"column":8},"end":{"line":29,"column":17}},{"start":{"line":29,"column":21},"end":{"line":29,"column":37}},{"start":{"line":29,"column":41},"end":{"line":29,"column":55}},{"start":{"line":29,"column":59},"end":{"line":29,"column":63}},{"start":{"line":29,"column":67},"end":{"line":29,"column":72}}],"line":29},"4":{"loc":{"start":{"line":33,"column":4},"end":{"line":35,"column":5}},"type":"if","locations":[{"start":{"line":33,"column":4},"end":{"line":35,"column":5}},{"start":{"line":33,"column":4},"end":{"line":35,"column":5}}],"line":33}},"s":{"0":0,"1":0,"2":0,"3":0,"4":0,"5":0,"6":0,"7":0,"8":0,"9":0,"10":0,"11":0,"12":0,"13":0,"14":0,"15":0,"16":0,"17":0,"18":0,"19":0,"20":0},"f":{"0":0,"1":0,"2":0,"3":0,"4":0,"5":0,"6":0},"b":{"0":[0,0],"1":[0,0],"2":[0,0],"3":[0,0,0,0,0],"4":[0,0]},"all":true},"C:\\Users\\the-d\\Downloads\\Projeto Henry\\trab-final-noite-chorona-virus\\app\\js\\salas-core.js":{"path":"C:\\Users\\the-d\\Downloads\\Projeto Henry\\trab-final-noite-chorona-virus\\app\\js\\salas-core.js","statementMap":{"0":{"start":{"line":3,"column":4},"end":{"line":3,"column":50}},"1":{"start":{"line":3,"column":37},"end":{"line":3,"column":50}},"2":{"start":{"line":4,"column":4},"end":{"line":4,"column":53}},"3":{"start":{"line":4,"column":40},"end":{"line":4,"column":53}},"4":{"start":{"line":5,"column":4},"end":{"line":5,"column":28}},"5":{"start":{"line":5,"column":15},"end":{"line":5,"column":28}},"6":{"start":{"line":6,"column":4},"end":{"line":6,"column":16}},"7":{"start":{"line":11,"column":4},"end":{"line":16,"column":6}},"8":{"start":{"line":21,"column":4},"end":{"line":21,"column":37}},"9":{"start":{"line":26,"column":4},"end":{"line":26,"column":64}},"10":{"start":{"line":26,"column":37},"end":{"line":26,"column":62}},"11":{"start":{"line":31,"column":0},"end":{"line":31,"column":72}}},"fnMap":{"0":{"name":"validarSala","decl":{"start":{"line":2,"column":9},"end":{"line":2,"column":20}},"loc":{"start":{"line":2,"column":45},"end":{"line":7,"column":1}},"line":2},"1":{"name":"criarSala","decl":{"start":{"line":10,"column":9},"end":{"line":10,"column":18}},"loc":{"start":{"line":10,"column":43},"end":{"line":17,"column":1}},"line":10},"2":{"name":"adicionarSala","decl":{"start":{"line":20,"column":9},"end":{"line":20,"column":22}},"loc":{"start":{"line":20,"column":45},"end":{"line":22,"column":1}},"line":20},"3":{"name":"removerSala","decl":{"start":{"line":25,"column":9},"end":{"line":25,"column":20}},"loc":{"start":{"line":25,"column":48},"end":{"line":27,"column":1}},"line":25},"4":{"name":"(anonymous_4)","decl":{"start":{"line":26,"column":29},"end":{"line":26,"column":30}},"loc":{"start":{"line":26,"column":37},"end":{"line":26,"column":62}},"line":26}},"branchMap":{"0":{"loc":{"start":{"line":3,"column":4},"end":{"line":3,"column":50}},"type":"if","locations":[{"start":{"line":3,"column":4},"end":{"line":3,"column":50}},{"start":{"line":3,"column":4},"end":{"line":3,"column":50}}],"line":3},"1":{"loc":{"start":{"line":3,"column":8},"end":{"line":3,"column":35}},"type":"binary-expr","locations":[{"start":{"line":3,"column":8},"end":{"line":3,"column":13}},{"start":{"line":3,"column":17},"end":{"line":3,"column":35}}],"line":3},"2":{"loc":{"start":{"line":4,"column":4},"end":{"line":4,"column":53}},"type":"if","locations":[{"start":{"line":4,"column":4},"end":{"line":4,"column":53}},{"start":{"line":4,"column":4},"end":{"line":4,"column":53}}],"line":4},"3":{"loc":{"start":{"line":4,"column":8},"end":{"line":4,"column":38}},"type":"binary-expr","locations":[{"start":{"line":4,"column":8},"end":{"line":4,"column":19}},{"start":{"line":4,"column":23},"end":{"line":4,"column":38}}],"line":4},"4":{"loc":{"start":{"line":5,"column":4},"end":{"line":5,"column":28}},"type":"if","locations":[{"start":{"line":5,"column":4},"end":{"line":5,"column":28}},{"start":{"line":5,"column":4},"end":{"line":5,"column":28}}],"line":5}},"s":{"0":0,"1":0,"2":0,"3":0,"4":0,"5":0,"6":0,"7":0,"8":0,"9":0,"10":0,"11":0},"f":{"0":0,"1":0,"2":0,"3":0,"4":0},"b":{"0":[0,0],"1":[0,0],"2":[0,0],"3":[0,0],"4":[0,0]},"all":true}}